<?xml version="1.0" encoding="UTF-8"?>
<TestRun id="338bc997-c340-4852-acc8-3fd87461181d" name="LUDYCOM BD@LUDYCOMBD-PC 2017-04-06 20:04:48" runUser="LUDYCOMBD-PC\LUDYCOM BD" xmlns="http://microsoft.com/schemas/VisualStudio/TeamTest/2010">
  <TestSettings name="Local" id="eccc89bf-57ea-4bf4-ac6f-cb6f8724fd0b">
    <Description>Esta es la configuración de pruebas predeterminada para una ejecución de pruebas local.</Description>
    <Deployment enabled="false" runDeploymentRoot="LUDYCOM BD_LUDYCOMBD-PC 2017-04-06 20_04_48">
      <DeploymentItem filename="D:\OpenSmartflex - bz\LUDYCOM.LECTESP.dll" />
      <DeploymentItem filename="D:\OpenSmartflex - bz\Oracle.DataAccess.dll" />
    </Deployment>
    <Execution>
      <TestTypeSpecific />
      <AgentRule name="Execution Agents">
      </AgentRule>
    </Execution>
  </TestSettings>
  <Times creation="2017-04-06T20:04:48.1538765-05:00" queuing="2017-04-06T20:04:52.7481393-05:00" start="2017-04-06T20:04:53.1431619-05:00" finish="2017-04-06T20:05:41.6159343-05:00" />
  <ResultSummary outcome="Error">
    <Counters total="1" executed="1" error="0" failed="0" timeout="0" aborted="1" inconclusive="0" passedButRunAborted="0" notRunnable="0" notExecuted="0" disconnected="0" warning="0" passed="0" completed="0" inProgress="0" pending="0" />
    <RunInfos>
      <RunInfo computerName="LUDYCOMBD-PC" outcome="Error" timestamp="2017-04-06T20:05:41.6159343-05:00">
        <Text>El proceso del host de pruebas terminó inesperadamente.</Text>
      </RunInfo>
    </RunInfos>
  </ResultSummary>
  <TestDefinitions>
    <UnitTest name="ObtenerDatosValidacionTest" storage="d:\oscar ospino\proyectos\en desarrollo\200-1105 - modificaciones lecturas complementarias\visual studio\entrega 1\lectesp-dev\lectesp\testproject1\bin\debug\testproject1.dll" id="c817f7e3-385a-c024-08f7-2d2d190794fa">
      <Execution id="c5a94117-b0bf-4263-a1eb-a1aef2d1db6f" />
      <TestMethod codeBase="D:/Oscar Ospino/Proyectos/EN DESARROLLO/200-1105 - Modificaciones Lecturas Complementarias/Visual Studio/Entrega 1/LECTESP-Dev/LECTESP/TestProject1/bin/Debug/TestProject1.DLL" adapterTypeName="Microsoft.VisualStudio.TestTools.TestTypes.Unit.UnitTestAdapter, Microsoft.VisualStudio.QualityTools.Tips.UnitTest.Adapter, Version=10.0.0.0, Culture=neutral, PublicKeyToken=b03f5f7f11d50a3a" className="TestProject1.DALTBLEXCELTest, TestProject1, Version=1.0.0.0, Culture=neutral, PublicKeyToken=null" name="ObtenerDatosValidacionTest" />
    </UnitTest>
  </TestDefinitions>
  <TestLists>
    <TestList name="Resultados que no están en la lista" id="8c84fa94-04c1-424b-9868-57a2d4851a1d" />
    <TestList name="Todos los resultados cargados" id="19431567-8539-422a-85d7-44ee4e166bda" />
  </TestLists>
  <TestEntries>
    <TestEntry testId="c817f7e3-385a-c024-08f7-2d2d190794fa" executionId="c5a94117-b0bf-4263-a1eb-a1aef2d1db6f" testListId="8c84fa94-04c1-424b-9868-57a2d4851a1d" />
  </TestEntries>
  <Results>
    <UnitTestResult executionId="c5a94117-b0bf-4263-a1eb-a1aef2d1db6f" testId="c817f7e3-385a-c024-08f7-2d2d190794fa" testName="ObtenerDatosValidacionTest" computerName="LUDYCOMBD-PC" duration="00:00:48.3827673" startTime="2017-04-06T20:04:53.2331670-05:00" endTime="2017-04-06T20:05:41.6159343-05:00" testType="13cdc9d9-ddb5-4fa4-a97d-d965ccfc6d4b" outcome="Aborted" testListId="8c84fa94-04c1-424b-9868-57a2d4851a1d" relativeResultsDirectory="c5a94117-b0bf-4263-a1eb-a1aef2d1db6f">
    </UnitTestResult>
  </Results>
</TestRun>